<?xml version="1.0" encoding="UTF-8"?>
<testng-results ignored="0" total="1" passed="1" failed="0" skipped="0">
  <reporter-output>
  </reporter-output>
  <suite started-at="2023-08-29T08:11:59 IST" name="Default suite" finished-at="2023-08-29T08:11:59 IST" duration-ms="67">
    <groups>
    </groups>
    <test started-at="2023-08-29T08:11:59 IST" name="Default test" finished-at="2023-08-29T08:11:59 IST" duration-ms="67">
      <class name="simplepro.SimpleHitest">
        <test-method signature="m1()[pri:0, instance:simplepro.SimpleHitest@188715b5]" started-at="2023-08-29T08:11:59 IST" name="m1" finished-at="2023-08-29T08:11:59 IST" duration-ms="11" status="PASS">
          <reporter-output>
          </reporter-output>
        </test-method> <!-- m1 -->
      </class> <!-- simplepro.SimpleHitest -->
    </test> <!-- Default test -->
  </suite> <!-- Default suite -->
</testng-results>
